[37mDEBU[0m[30 Aug 18 14:41 -0400] PreRun                                        [37marguments[0m=[] [37mcommand[0m=deploy
[37mDEBU[0m[30 Aug 18 14:41 -0400] configure debug middleware                   
[37mDEBU[0m[30 Aug 18 14:41 -0400] configure logging middleware                 
[37mDEBU[0m[30 Aug 18 14:41 -0400] setup logger middleware: panic               
[37mDEBU[0m[30 Aug 18 14:41 -0400] configure auth middleware                    
[37mDEBU[0m[30 Aug 18 14:41 -0400] setup credentials                             [37mcredentials[0m=0x1469430
[37mDEBU[0m[30 Aug 18 14:41 -0400] configure client middleware                  
[37mDEBU[0m[30 Aug 18 14:41 -0400] setup API endpoint                            [37mendpoint[0m="https://api.netlify.com"
[37mDEBU[0m[30 Aug 18 14:41 -0400] configure site middleware                    
[37mDEBU[0m[30 Aug 18 14:41 -0400] Querying for existing sites                  
[37mDEBU[0m[30 Aug 18 14:41 -0400] POST /api/v1/sites?configure_dns=false HTTP/1.1
Host: api.netlify.com
User-Agent: netlifyctl
Content-Length: 24
Accept: application/json
Authorization: Bearer 6e33a8fef203bcbe3d901eab3d0f36365c0024cc6a80d7fbed45908019b3a230
Content-Type: application/json
Accept-Encoding: gzip

{"domain_aliases":null}

 
[37mDEBU[0m[30 Aug 18 14:41 -0400] HTTP/1.1 201 Created
Transfer-Encoding: chunked
Alt-Svc: clear
Cache-Control: max-age=0, private, must-revalidate
Content-Type: application/json; charset=utf-8
Date: Thu, 30 Aug 2018 18:41:09 GMT
Etag: W/"1c6b6112e3c5ce359d6f7798b7a25a57"
Location: https://api.netlify.com/api/v1/sites/9253f836-aeba-428f-a377-b9f1996c7f70
Vary: Origin
Via: 1.1 google
X-Frame-Options: ALLOWALL
X-Ratelimit-Limit: 100000000
X-Ratelimit-Remaining: 99999999
X-Ratelimit-Reset: 2018-08-30 18:42:09 UTC
X-Request-Id: 48ccb866-96e0-4541-aa73-dca185ea8eab
X-Runtime: 0.085882

934
{"id":"9253f836-aeba-428f-a377-b9f1996c7f70","site_id":"9253f836-aeba-428f-a377-b9f1996c7f70","plan":"nf_team_dev","plan_data":{"title":"Netlify Team Free","asset_acceleration":true,"form_processing":true,"cdn_propagation":"partial","build_gc_exchange":"buildbot-gc","build_node_pool":"buildbot-external-ssd","build_cluster":"ha2","domain_aliases":true,"secure_site":false,"prerendering":true,"proxying":true,"ssl":"custom","rate_cents":0,"yearly_rate_cents":0,"cdn_network":"free_cdn_network","branch_deploy":true,"managed_dns":true,"geo_ip":true,"split_testing":true,"id":"nf_team_dev"},"ssl_plan":null,"premium":false,"claimed":true,"name":"elated-hodgkin-b5bf82","custom_domain":null,"domain_aliases":[],"password":null,"notification_email":null,"url":"http://elated-hodgkin-b5bf82.netlify.com","admin_url":"https://app.netlify.com/sites/elated-hodgkin-b5bf82","deploy_id":"","build_id":"","deploy_url":"http://.elated-hodgkin-b5bf82.netlify.com","state":"current","screenshot_url":null,"created_at":"2018-08-30T18:41:09.498Z","updated_at":"2018-08-30T18:41:09.498Z","user_id":"5a9d5d5e7b6ee8457b88c691","error_message":null,"ssl":false,"ssl_url":"https://elated-hodgkin-b5bf82.netlify.com","force_ssl":null,"ssl_status":null,"max_domain_aliases":100,"build_settings":null,"processing_settings":{"css":{"bundle":true,"minify":true},"js":{"bundle":true,"minify":true},"images":{"optimize":true},"html":{"pretty_urls":true},"skip":true},"prerender":null,"prerender_headers":null,"deploy_hook":null,"published_deploy":null,"managed_dns":true,"jwt_secret":null,"account_slug":"coffenbacher","account_name":"coffenbacher","account_type":"personal","capabilities":{"title":"Netlify Team Free","asset_acceleration":true,"form_processing":true,"cdn_propagation":"partial","build_gc_exchange":"buildbot-gc","build_node_pool":"buildbot-external-ssd","build_cluster":"ha2","domain_aliases":true,"secure_site":false,"prerendering":true,"proxying":true,"ssl":"custom","rate_cents":0,"yearly_rate_cents":0,"cdn_network":"free_cdn_network","branch_deploy":true,"managed_dns":true,"geo_ip":true,"split_testing":true,"id":"nf_team_dev"},"active_subscription_ids":[],"external_contributors_enabled":true,"paid_individual_site_subscription":false,"dns_zone_id":null,"identity_instance_id":null,"use_functions":null,"parent_user_id":null,"automatic_tls_provisioning":null}
0


 
[37mDEBU[0m[30 Aug 18 14:41 -0400] Got new path from the user                   
[37mDEBU[0m[30 Aug 18 14:41 -0400] Relative path detected, going to deploy: '/Users/coffenbacher/workspace/heresy/build' 
[37mDEBU[0m[30 Aug 18 14:41 -0400] deploying site                                [37mdraft[0m=false [37mpath[0m="/Users/coffenbacher/workspace/heresy/build" [37msite[0m=9253f836-aeba-428f-a377-b9f1996c7f70
[31mERRO[0m[30 Aug 18 14:41 -0400] command failed                                [31merror[0m="stat /Users/coffenbacher/workspace/heresy/build: no such file or directory"
